2025-12-08 01:13:01,221 - aqt.main - INFO - installer 140665667787648 aqtinstall(aqt) v3.1.21 on Python 3.12.12 [CPython GCC 13.3.0]
2025-12-08 01:13:01,491 - aqt.main - INFO - installer 139983739661184 aqtinstall(aqt) v3.1.21 on Python 3.12.12 [CPython GCC 13.3.0]
2025-12-08 01:13:01,492 - aqt.helper - DEBUG - helper 139983739661184 Attempt to download checksum at https://download.qt.io/online/qtsdkrepository/linux_x64/desktop/qt6_683/qt6_683/Updates.xml.sha256
2025-12-08 01:13:02,828 - aqt.helper - DEBUG - helper 139983739661184 Attempt to download checksum at https://download.qt.io/online/qtsdkrepository/linux_x64/extensions/qtwebengine/683/x86_64/Updates.xml.sha256
2025-12-08 01:13:04,218 - aqt.archives - INFO - archives 139983739661184 Found extension qtwebengine
2025-12-08 01:13:04,218 - aqt.helper - DEBUG - helper 139983739661184 Attempt to download checksum at https://download.qt.io/online/qtsdkrepository/linux_x64/extensions/qtpdf/683/x86_64/Updates.xml.sha256
2025-12-08 01:13:05,544 - aqt.archives - INFO - archives 139983739661184 Found extension qtpdf
2025-12-08 01:13:06,205 - aqt.helper - DEBUG - helper 140485042293632 Attempt to download checksum at https://download.qt.io/online/qtsdkrepository/linux_x64/desktop/qt6_683/qt6_683/qt.qt6.683.linux_gcc_64/6.8.3-0-202503201345qtbase-Linux-RHEL_8_10-GCC-Linux-RHEL_8_10-X86_64.7z.sha256
2025-12-08 01:13:06,206 - aqt.helper - DEBUG - helper 140480525167488 Attempt to download checksum at https://download.qt.io/online/qtsdkrepository/linux_x64/desktop/qt6_683/qt6_683/qt.qt6.683.linux_gcc_64/6.8.3-0-202503201345qtsvg-Linux-RHEL_8_10-GCC-Linux-RHEL_8_10-X86_64.7z.sha256
2025-12-08 01:13:06,220 - aqt.helper - DEBUG - helper 140461428824960 Attempt to download checksum at https://download.qt.io/online/qtsdkrepository/linux_x64/desktop/qt6_683/qt6_683/qt.qt6.683.linux_gcc_64/6.8.3-0-202503201345qtdeclarative-Linux-RHEL_8_10-GCC-Linux-RHEL_8_10-X86_64.7z.sha256
2025-12-08 01:13:06,222 - aqt.helper - DEBUG - helper 140320401537920 Attempt to download checksum at https://download.qt.io/online/qtsdkrepository/linux_x64/desktop/qt6_683/qt6_683/qt.qt6.683.linux_gcc_64/6.8.3-0-202503201345qttools-Linux-RHEL_8_10-GCC-Linux-RHEL_8_10-X86_64.7z.sha256
2025-12-08 01:13:06,872 - aqt.helper - INFO - helper 140480525167488 Downloading qtsvg...
2025-12-08 01:13:06,872 - aqt.installer - DEBUG - installer 140480525167488 Download URL: https://download.qt.io/online/qtsdkrepository/linux_x64/desktop/qt6_683/qt6_683/qt.qt6.683.linux_gcc_64/6.8.3-0-202503201345qtsvg-Linux-RHEL_8_10-GCC-Linux-RHEL_8_10-X86_64.7z
2025-12-08 01:13:06,885 - aqt.helper - INFO - helper 140461428824960 Downloading qtdeclarative...
2025-12-08 01:13:06,885 - aqt.installer - DEBUG - installer 140461428824960 Download URL: https://download.qt.io/online/qtsdkrepository/linux_x64/desktop/qt6_683/qt6_683/qt.qt6.683.linux_gcc_64/6.8.3-0-202503201345qtdeclarative-Linux-RHEL_8_10-GCC-Linux-RHEL_8_10-X86_64.7z
2025-12-08 01:13:06,948 - aqt.helper - INFO - helper 140320401537920 Downloading qttools...
2025-12-08 01:13:06,948 - aqt.installer - DEBUG - installer 140320401537920 Download URL: https://download.qt.io/online/qtsdkrepository/linux_x64/desktop/qt6_683/qt6_683/qt.qt6.683.linux_gcc_64/6.8.3-0-202503201345qttools-Linux-RHEL_8_10-GCC-Linux-RHEL_8_10-X86_64.7z
2025-12-08 01:13:06,969 - aqt.helper - INFO - helper 140485042293632 Downloading qtbase...
2025-12-08 01:13:06,970 - aqt.installer - DEBUG - installer 140485042293632 Download URL: https://download.qt.io/online/qtsdkrepository/linux_x64/desktop/qt6_683/qt6_683/qt.qt6.683.linux_gcc_64/6.8.3-0-202503201345qtbase-Linux-RHEL_8_10-GCC-Linux-RHEL_8_10-X86_64.7z
2025-12-08 01:13:07,604 - aqt.helper - DEBUG - helper 140320401537920 Asked to redirect(302) to: https://qt.mirror.constant.com/online/qtsdkrepository/linux_x64/desktop/qt6_683/qt6_683/qt.qt6.683.linux_gcc_64/6.8.3-0-202503201345qttools-Linux-RHEL_8_10-GCC-Linux-RHEL_8_10-X86_64.7z
2025-12-08 01:13:07,604 - aqt.helper - INFO - helper 140320401537920 Redirected: qt.mirror.constant.com
2025-12-08 01:13:07,605 - aqt.helper - DEBUG - helper 140480525167488 Asked to redirect(302) to: https://qt.mirror.constant.com/online/qtsdkrepository/linux_x64/desktop/qt6_683/qt6_683/qt.qt6.683.linux_gcc_64/6.8.3-0-202503201345qtsvg-Linux-RHEL_8_10-GCC-Linux-RHEL_8_10-X86_64.7z
2025-12-08 01:13:07,605 - aqt.helper - INFO - helper 140480525167488 Redirected: qt.mirror.constant.com
2025-12-08 01:13:07,617 - aqt.helper - DEBUG - helper 140461428824960 Asked to redirect(302) to: https://qt.mirror.constant.com/online/qtsdkrepository/linux_x64/desktop/qt6_683/qt6_683/qt.qt6.683.linux_gcc_64/6.8.3-0-202503201345qtdeclarative-Linux-RHEL_8_10-GCC-Linux-RHEL_8_10-X86_64.7z
2025-12-08 01:13:07,617 - aqt.helper - INFO - helper 140461428824960 Redirected: qt.mirror.constant.com
2025-12-08 01:13:07,625 - aqt.helper - DEBUG - helper 140485042293632 Asked to redirect(302) to: https://qt.mirror.constant.com/online/qtsdkrepository/linux_x64/desktop/qt6_683/qt6_683/qt.qt6.683.linux_gcc_64/6.8.3-0-202503201345qtbase-Linux-RHEL_8_10-GCC-Linux-RHEL_8_10-X86_64.7z
2025-12-08 01:13:07,625 - aqt.helper - INFO - helper 140485042293632 Redirected: qt.mirror.constant.com
2025-12-08 01:13:08,382 - aqt.installer - INFO - installer 140480525167488 Finished installation of qtsvg-Linux-RHEL_8_10-GCC-Linux-RHEL_8_10-X86_64.7z in 2.17913249
2025-12-08 01:13:08,393 - aqt.helper - DEBUG - helper 140480525167488 Attempt to download checksum at https://download.qt.io/online/qtsdkrepository/linux_x64/desktop/qt6_683/qt6_683/qt.qt6.683.linux_gcc_64/6.8.3-0-202503201345qttranslations-Linux-RHEL_8_10-GCC-Linux-RHEL_8_10-X86_64.7z.sha256
2025-12-08 01:13:09,053 - aqt.helper - INFO - helper 140480525167488 Downloading qttranslations...
2025-12-08 01:13:09,054 - aqt.installer - DEBUG - installer 140480525167488 Download URL: https://download.qt.io/online/qtsdkrepository/linux_x64/desktop/qt6_683/qt6_683/qt.qt6.683.linux_gcc_64/6.8.3-0-202503201345qttranslations-Linux-RHEL_8_10-GCC-Linux-RHEL_8_10-X86_64.7z
2025-12-08 01:13:09,726 - aqt.helper - DEBUG - helper 140480525167488 Asked to redirect(302) to: https://qt.mirror.constant.com/online/qtsdkrepository/linux_x64/desktop/qt6_683/qt6_683/qt.qt6.683.linux_gcc_64/6.8.3-0-202503201345qttranslations-Linux-RHEL_8_10-GCC-Linux-RHEL_8_10-X86_64.7z
2025-12-08 01:13:09,727 - aqt.helper - INFO - helper 140480525167488 Redirected: qt.mirror.constant.com
2025-12-08 01:13:10,780 - aqt.installer - INFO - installer 140480525167488 Finished installation of qttranslations-Linux-RHEL_8_10-GCC-Linux-RHEL_8_10-X86_64.7z in 2.38848935
2025-12-08 01:13:10,794 - aqt.helper - DEBUG - helper 140480525167488 Attempt to download checksum at https://download.qt.io/online/qtsdkrepository/linux_x64/desktop/qt6_683/qt6_683/qt.qt6.683.linux_gcc_64/6.8.3-0-202503201345qtwayland-Linux-RHEL_8_10-GCC-Linux-RHEL_8_10-X86_64.7z.sha256
2025-12-08 01:13:11,553 - aqt.helper - INFO - helper 140480525167488 Downloading qtwayland...
2025-12-08 01:13:11,554 - aqt.installer - DEBUG - installer 140480525167488 Download URL: https://download.qt.io/online/qtsdkrepository/linux_x64/desktop/qt6_683/qt6_683/qt.qt6.683.linux_gcc_64/6.8.3-0-202503201345qtwayland-Linux-RHEL_8_10-GCC-Linux-RHEL_8_10-X86_64.7z
2025-12-08 01:13:11,998 - aqt.installer - INFO - installer 140320401537920 Finished installation of qttools-Linux-RHEL_8_10-GCC-Linux-RHEL_8_10-X86_64.7z in 5.77781048
2025-12-08 01:13:12,012 - aqt.helper - DEBUG - helper 140320401537920 Attempt to download checksum at https://download.qt.io/online/qtsdkrepository/linux_x64/desktop/qt6_683/qt6_683/qt.qt6.683.linux_gcc_64/6.8.3-0-202503201345icu-linux-Rhel8.6-x86_64.7z.sha256
2025-12-08 01:13:12,231 - aqt.helper - DEBUG - helper 140480525167488 Asked to redirect(302) to: https://qt.mirror.constant.com/online/qtsdkrepository/linux_x64/desktop/qt6_683/qt6_683/qt.qt6.683.linux_gcc_64/6.8.3-0-202503201345qtwayland-Linux-RHEL_8_10-GCC-Linux-RHEL_8_10-X86_64.7z
2025-12-08 01:13:12,231 - aqt.helper - INFO - helper 140480525167488 Redirected: qt.mirror.constant.com
2025-12-08 01:13:12,689 - aqt.helper - INFO - helper 140320401537920 Downloading icu...
2025-12-08 01:13:12,690 - aqt.installer - DEBUG - installer 140320401537920 Download URL: https://download.qt.io/online/qtsdkrepository/linux_x64/desktop/qt6_683/qt6_683/qt.qt6.683.linux_gcc_64/6.8.3-0-202503201345icu-linux-Rhel8.6-x86_64.7z
2025-12-08 01:13:12,791 - aqt.installer - INFO - installer 140485042293632 Finished installation of qtbase-Linux-RHEL_8_10-GCC-Linux-RHEL_8_10-X86_64.7z in 6.58913613
2025-12-08 01:13:13,084 - aqt.installer - INFO - installer 140480525167488 Finished installation of qtwayland-Linux-RHEL_8_10-GCC-Linux-RHEL_8_10-X86_64.7z in 2.29222733
2025-12-08 01:13:13,362 - aqt.helper - DEBUG - helper 140320401537920 Asked to redirect(302) to: https://qt.mirror.constant.com/online/qtsdkrepository/linux_x64/desktop/qt6_683/qt6_683/qt.qt6.683.linux_gcc_64/6.8.3-0-202503201345icu-linux-Rhel8.6-x86_64.7z
2025-12-08 01:13:13,362 - aqt.helper - INFO - helper 140320401537920 Redirected: qt.mirror.constant.com
2025-12-08 01:13:14,891 - aqt.installer - INFO - installer 140320401537920 Finished installation of icu-linux-Rhel8.6-x86_64.7z in 2.88033087
2025-12-08 01:13:23,320 - aqt.installer - INFO - installer 140461428824960 Finished installation of qtdeclarative-Linux-RHEL_8_10-GCC-Linux-RHEL_8_10-X86_64.7z in 17.10135140
2025-12-08 01:13:23,409 - aqt.updater - INFO - updater 139983739661184 Patching /home/runner/work/FreeCAD/Qt/6.8.3/gcc_64/bin/qmake
2025-12-08 01:13:23,414 - aqt.updater - INFO - updater 139983739661184 Patching /home/runner/work/FreeCAD/Qt/6.8.3/gcc_64/lib/pkgconfig/Qt6Sql.pc
2025-12-08 01:13:23,414 - aqt.updater - INFO - updater 139983739661184 Patching /home/runner/work/FreeCAD/Qt/6.8.3/gcc_64/lib/pkgconfig/Qt6Core.pc
2025-12-08 01:13:23,414 - aqt.updater - INFO - updater 139983739661184 Patching /home/runner/work/FreeCAD/Qt/6.8.3/gcc_64/lib/pkgconfig/Qt6SvgWidgets.pc
2025-12-08 01:13:23,414 - aqt.updater - INFO - updater 139983739661184 Patching /home/runner/work/FreeCAD/Qt/6.8.3/gcc_64/lib/pkgconfig/Qt6DBus.pc
2025-12-08 01:13:23,415 - aqt.updater - INFO - updater 139983739661184 Patching /home/runner/work/FreeCAD/Qt/6.8.3/gcc_64/lib/pkgconfig/Qt6Platform.pc
2025-12-08 01:13:23,415 - aqt.updater - INFO - updater 139983739661184 Patching /home/runner/work/FreeCAD/Qt/6.8.3/gcc_64/lib/pkgconfig/Qt6Qml.pc
2025-12-08 01:13:23,415 - aqt.updater - INFO - updater 139983739661184 Patching /home/runner/work/FreeCAD/Qt/6.8.3/gcc_64/lib/pkgconfig/Qt6UiPlugin.pc
2025-12-08 01:13:23,415 - aqt.updater - INFO - updater 139983739661184 Patching /home/runner/work/FreeCAD/Qt/6.8.3/gcc_64/lib/pkgconfig/Qt6QuickControls2UniversalStyleImpl.pc
2025-12-08 01:13:23,416 - aqt.updater - INFO - updater 139983739661184 Patching /home/runner/work/FreeCAD/Qt/6.8.3/gcc_64/lib/pkgconfig/Qt6QuickControls2BasicStyleImpl.pc
2025-12-08 01:13:23,416 - aqt.updater - INFO - updater 139983739661184 Patching /home/runner/work/FreeCAD/Qt/6.8.3/gcc_64/lib/pkgconfig/Qt6QuickControls2.pc
2025-12-08 01:13:23,416 - aqt.updater - INFO - updater 139983739661184 Patching /home/runner/work/FreeCAD/Qt/6.8.3/gcc_64/lib/pkgconfig/Qt6QuickControls2Fusion.pc
2025-12-08 01:13:23,416 - aqt.updater - INFO - updater 139983739661184 Patching /home/runner/work/FreeCAD/Qt/6.8.3/gcc_64/lib/pkgconfig/Qt6Network.pc
2025-12-08 01:13:23,417 - aqt.updater - INFO - updater 139983739661184 Patching /home/runner/work/FreeCAD/Qt/6.8.3/gcc_64/lib/pkgconfig/Qt6Help.pc
2025-12-08 01:13:23,417 - aqt.updater - INFO - updater 139983739661184 Patching /home/runner/work/FreeCAD/Qt/6.8.3/gcc_64/lib/pkgconfig/Qt6LabsWavefrontMesh.pc
2025-12-08 01:13:23,417 - aqt.updater - INFO - updater 139983739661184 Patching /home/runner/work/FreeCAD/Qt/6.8.3/gcc_64/lib/pkgconfig/Qt6QuickWidgets.pc
2025-12-08 01:13:23,417 - aqt.updater - INFO - updater 139983739661184 Patching /home/runner/work/FreeCAD/Qt/6.8.3/gcc_64/lib/pkgconfig/Qt6QuickDialogs2.pc
2025-12-08 01:13:23,418 - aqt.updater - INFO - updater 139983739661184 Patching /home/runner/work/FreeCAD/Qt/6.8.3/gcc_64/lib/pkgconfig/Qt6QuickControls2Material.pc
2025-12-08 01:13:23,418 - aqt.updater - INFO - updater 139983739661184 Patching /home/runner/work/FreeCAD/Qt/6.8.3/gcc_64/lib/pkgconfig/Qt6Xml.pc
2025-12-08 01:13:23,418 - aqt.updater - INFO - updater 139983739661184 Patching /home/runner/work/FreeCAD/Qt/6.8.3/gcc_64/lib/pkgconfig/Qt6QuickTemplates2.pc
2025-12-08 01:13:23,418 - aqt.updater - INFO - updater 139983739661184 Patching /home/runner/work/FreeCAD/Qt/6.8.3/gcc_64/lib/pkgconfig/Qt6UiTools.pc
2025-12-08 01:13:23,419 - aqt.updater - INFO - updater 139983739661184 Patching /home/runner/work/FreeCAD/Qt/6.8.3/gcc_64/lib/pkgconfig/Qt6Gui.pc
2025-12-08 01:13:23,419 - aqt.updater - INFO - updater 139983739661184 Patching /home/runner/work/FreeCAD/Qt/6.8.3/gcc_64/lib/pkgconfig/Qt6QuickControls2FluentWinUI3StyleImpl.pc
2025-12-08 01:13:23,419 - aqt.updater - INFO - updater 139983739661184 Patching /home/runner/work/FreeCAD/Qt/6.8.3/gcc_64/lib/pkgconfig/Qt6Designer.pc
2025-12-08 01:13:23,419 - aqt.updater - INFO - updater 139983739661184 Patching /home/runner/work/FreeCAD/Qt/6.8.3/gcc_64/lib/pkgconfig/Qt6QuickLayouts.pc
2025-12-08 01:13:23,419 - aqt.updater - INFO - updater 139983739661184 Patching /home/runner/work/FreeCAD/Qt/6.8.3/gcc_64/lib/pkgconfig/Qt6QmlIntegration.pc
2025-12-08 01:13:23,420 - aqt.updater - INFO - updater 139983739661184 Patching /home/runner/work/FreeCAD/Qt/6.8.3/gcc_64/lib/pkgconfig/Qt6PrintSupport.pc
2025-12-08 01:13:23,420 - aqt.updater - INFO - updater 139983739661184 Patching /home/runner/work/FreeCAD/Qt/6.8.3/gcc_64/lib/pkgconfig/Qt6LabsAnimation.pc
2025-12-08 01:13:23,420 - aqt.updater - INFO - updater 139983739661184 Patching /home/runner/work/FreeCAD/Qt/6.8.3/gcc_64/lib/pkgconfig/Qt6LabsSettings.pc
2025-12-08 01:13:23,420 - aqt.updater - INFO - updater 139983739661184 Patching /home/runner/work/FreeCAD/Qt/6.8.3/gcc_64/lib/pkgconfig/Qt6QuickControls2Universal.pc
2025-12-08 01:13:23,421 - aqt.updater - INFO - updater 139983739661184 Patching /home/runner/work/FreeCAD/Qt/6.8.3/gcc_64/lib/pkgconfig/Qt6Linguist.pc
2025-12-08 01:13:23,421 - aqt.updater - INFO - updater 139983739661184 Patching /home/runner/work/FreeCAD/Qt/6.8.3/gcc_64/lib/pkgconfig/Qt6QmlNetwork.pc
2025-12-08 01:13:23,421 - aqt.updater - INFO - updater 139983739661184 Patching /home/runner/work/FreeCAD/Qt/6.8.3/gcc_64/lib/pkgconfig/Qt6LabsFolderListModel.pc
2025-12-08 01:13:23,421 - aqt.updater - INFO - updater 139983739661184 Patching /home/runner/work/FreeCAD/Qt/6.8.3/gcc_64/lib/pkgconfig/Qt6QmlAssetDownloader.pc
2025-12-08 01:13:23,422 - aqt.updater - INFO - updater 139983739661184 Patching /home/runner/work/FreeCAD/Qt/6.8.3/gcc_64/lib/pkgconfig/Qt6QmlXmlListModel.pc
2025-12-08 01:13:23,422 - aqt.updater - INFO - updater 139983739661184 Patching /home/runner/work/FreeCAD/Qt/6.8.3/gcc_64/lib/pkgconfig/Qt6Concurrent.pc
2025-12-08 01:13:23,422 - aqt.updater - INFO - updater 139983739661184 Patching /home/runner/work/FreeCAD/Qt/6.8.3/gcc_64/lib/pkgconfig/Qt6OpenGL.pc
2025-12-08 01:13:23,422 - aqt.updater - INFO - updater 139983739661184 Patching /home/runner/work/FreeCAD/Qt/6.8.3/gcc_64/lib/pkgconfig/Qt6LabsQmlModels.pc
2025-12-08 01:13:23,423 - aqt.updater - INFO - updater 139983739661184 Patching /home/runner/work/FreeCAD/Qt/6.8.3/gcc_64/lib/pkgconfig/Qt6QuickVectorImage.pc
2025-12-08 01:13:23,423 - aqt.updater - INFO - updater 139983739661184 Patching /home/runner/work/FreeCAD/Qt/6.8.3/gcc_64/lib/pkgconfig/Qt6QuickControls2Imagine.pc
2025-12-08 01:13:23,423 - aqt.updater - INFO - updater 139983739661184 Patching /home/runner/work/FreeCAD/Qt/6.8.3/gcc_64/lib/pkgconfig/Qt6WaylandClient.pc
2025-12-08 01:13:23,423 - aqt.updater - INFO - updater 139983739661184 Patching /home/runner/work/FreeCAD/Qt/6.8.3/gcc_64/lib/pkgconfig/Qt6Svg.pc
2025-12-08 01:13:23,424 - aqt.updater - INFO - updater 139983739661184 Patching /home/runner/work/FreeCAD/Qt/6.8.3/gcc_64/lib/pkgconfig/Qt6QuickControls2MaterialStyleImpl.pc
2025-12-08 01:13:23,424 - aqt.updater - INFO - updater 139983739661184 Patching /home/runner/work/FreeCAD/Qt/6.8.3/gcc_64/lib/pkgconfig/Qt6QmlMeta.pc
2025-12-08 01:13:23,424 - aqt.updater - INFO - updater 139983739661184 Patching /home/runner/work/FreeCAD/Qt/6.8.3/gcc_64/lib/pkgconfig/Qt6Test.pc
2025-12-08 01:13:23,424 - aqt.updater - INFO - updater 139983739661184 Patching /home/runner/work/FreeCAD/Qt/6.8.3/gcc_64/lib/pkgconfig/Qt6Quick.pc
2025-12-08 01:13:23,425 - aqt.updater - INFO - updater 139983739661184 Patching /home/runner/work/FreeCAD/Qt/6.8.3/gcc_64/lib/pkgconfig/Qt6LabsPlatform.pc
2025-12-08 01:13:23,425 - aqt.updater - INFO - updater 139983739661184 Patching /home/runner/work/FreeCAD/Qt/6.8.3/gcc_64/lib/pkgconfig/Qt6QmlLocalStorage.pc
2025-12-08 01:13:23,425 - aqt.updater - INFO - updater 139983739661184 Patching /home/runner/work/FreeCAD/Qt/6.8.3/gcc_64/lib/pkgconfig/Qt6Widgets.pc
2025-12-08 01:13:23,425 - aqt.updater - INFO - updater 139983739661184 Patching /home/runner/work/FreeCAD/Qt/6.8.3/gcc_64/lib/pkgconfig/Qt6QmlCore.pc
2025-12-08 01:13:23,425 - aqt.updater - INFO - updater 139983739661184 Patching /home/runner/work/FreeCAD/Qt/6.8.3/gcc_64/lib/pkgconfig/Qt6LabsSharedImage.pc
2025-12-08 01:13:23,426 - aqt.updater - INFO - updater 139983739661184 Patching /home/runner/work/FreeCAD/Qt/6.8.3/gcc_64/lib/pkgconfig/Qt6OpenGLWidgets.pc
2025-12-08 01:13:23,426 - aqt.updater - INFO - updater 139983739661184 Patching /home/runner/work/FreeCAD/Qt/6.8.3/gcc_64/lib/pkgconfig/Qt6QuickControls2Impl.pc
2025-12-08 01:13:23,426 - aqt.updater - INFO - updater 139983739661184 Patching /home/runner/work/FreeCAD/Qt/6.8.3/gcc_64/lib/pkgconfig/Qt6QmlCompiler.pc
2025-12-08 01:13:23,426 - aqt.updater - INFO - updater 139983739661184 Patching /home/runner/work/FreeCAD/Qt/6.8.3/gcc_64/lib/pkgconfig/Qt6QuickDialogs2Utils.pc
2025-12-08 01:13:23,427 - aqt.updater - INFO - updater 139983739661184 Patching /home/runner/work/FreeCAD/Qt/6.8.3/gcc_64/lib/pkgconfig/Qt6QuickDialogs2QuickImpl.pc
2025-12-08 01:13:23,427 - aqt.updater - INFO - updater 139983739661184 Patching /home/runner/work/FreeCAD/Qt/6.8.3/gcc_64/lib/pkgconfig/Qt6QuickControls2Basic.pc
2025-12-08 01:13:23,427 - aqt.updater - INFO - updater 139983739661184 Patching /home/runner/work/FreeCAD/Qt/6.8.3/gcc_64/lib/pkgconfig/Qt6QuickControls2FusionStyleImpl.pc
2025-12-08 01:13:23,427 - aqt.updater - INFO - updater 139983739661184 Patching /home/runner/work/FreeCAD/Qt/6.8.3/gcc_64/lib/pkgconfig/Qt6QmlWorkerScript.pc
2025-12-08 01:13:23,428 - aqt.updater - INFO - updater 139983739661184 Patching /home/runner/work/FreeCAD/Qt/6.8.3/gcc_64/lib/pkgconfig/Qt6QuickTest.pc
2025-12-08 01:13:23,428 - aqt.updater - INFO - updater 139983739661184 Patching /home/runner/work/FreeCAD/Qt/6.8.3/gcc_64/lib/pkgconfig/Qt6QuickControls2ImagineStyleImpl.pc
2025-12-08 01:13:23,428 - aqt.updater - INFO - updater 139983739661184 Patching /home/runner/work/FreeCAD/Qt/6.8.3/gcc_64/lib/pkgconfig/Qt6QmlModels.pc
2025-12-08 01:13:23,429 - aqt.updater - INFO - updater 139983739661184 Patching /home/runner/work/FreeCAD/Qt/6.8.3/gcc_64/lib/libQt6Svg.prl
2025-12-08 01:13:23,429 - aqt.updater - INFO - updater 139983739661184 Patching /home/runner/work/FreeCAD/Qt/6.8.3/gcc_64/lib/libQt6OpenGL.prl
2025-12-08 01:13:23,430 - aqt.updater - INFO - updater 139983739661184 Patching /home/runner/work/FreeCAD/Qt/6.8.3/gcc_64/lib/libQt6QmlLocalStorage.prl
2025-12-08 01:13:23,430 - aqt.updater - INFO - updater 139983739661184 Patching /home/runner/work/FreeCAD/Qt/6.8.3/gcc_64/lib/libQt6QuickEffects.prl
2025-12-08 01:13:23,430 - aqt.updater - INFO - updater 139983739661184 Patching /home/runner/work/FreeCAD/Qt/6.8.3/gcc_64/lib/libQt6Gui.prl
2025-12-08 01:13:23,430 - aqt.updater - INFO - updater 139983739661184 Patching /home/runner/work/FreeCAD/Qt/6.8.3/gcc_64/lib/libQt6Network.prl
2025-12-08 01:13:23,431 - aqt.updater - INFO - updater 139983739661184 Patching /home/runner/work/FreeCAD/Qt/6.8.3/gcc_64/lib/libQt6QuickControls2FluentWinUI3StyleImpl.prl
2025-12-08 01:13:23,431 - aqt.updater - INFO - updater 139983739661184 Patching /home/runner/work/FreeCAD/Qt/6.8.3/gcc_64/lib/libQt6WaylandEglClientHwIntegration.prl
2025-12-08 01:13:23,431 - aqt.updater - INFO - updater 139983739661184 Patching /home/runner/work/FreeCAD/Qt/6.8.3/gcc_64/lib/libQt6Quick.prl
2025-12-08 01:13:23,431 - aqt.updater - INFO - updater 139983739661184 Patching /home/runner/work/FreeCAD/Qt/6.8.3/gcc_64/lib/libQt6QuickVectorImage.prl
2025-12-08 01:13:23,432 - aqt.updater - INFO - updater 139983739661184 Patching /home/runner/work/FreeCAD/Qt/6.8.3/gcc_64/lib/libQt6QuickControls2.prl
2025-12-08 01:13:23,432 - aqt.updater - INFO - updater 139983739661184 Patching /home/runner/work/FreeCAD/Qt/6.8.3/gcc_64/lib/libQt6QuickControls2BasicStyleImpl.prl
2025-12-08 01:13:23,432 - aqt.updater - INFO - updater 139983739661184 Patching /home/runner/work/FreeCAD/Qt/6.8.3/gcc_64/lib/libQt6QmlNetwork.prl
2025-12-08 01:13:23,432 - aqt.updater - INFO - updater 139983739661184 Patching /home/runner/work/FreeCAD/Qt/6.8.3/gcc_64/lib/libQt6ExampleIcons.prl
2025-12-08 01:13:23,433 - aqt.updater - INFO - updater 139983739661184 Patching /home/runner/work/FreeCAD/Qt/6.8.3/gcc_64/lib/libQt6WlShellIntegration.prl
2025-12-08 01:13:23,433 - aqt.updater - INFO - updater 139983739661184 Patching /home/runner/work/FreeCAD/Qt/6.8.3/gcc_64/lib/libQt6LabsQmlModels.prl
2025-12-08 01:13:23,433 - aqt.updater - INFO - updater 139983739661184 Patching /home/runner/work/FreeCAD/Qt/6.8.3/gcc_64/lib/libQt6QuickDialogs2.prl
2025-12-08 01:13:23,433 - aqt.updater - INFO - updater 139983739661184 Patching /home/runner/work/FreeCAD/Qt/6.8.3/gcc_64/lib/libQt6QuickVectorImageGenerator.prl
2025-12-08 01:13:23,433 - aqt.updater - INFO - updater 139983739661184 Patching /home/runner/work/FreeCAD/Qt/6.8.3/gcc_64/lib/libQt6DesignerComponents.prl
2025-12-08 01:13:23,434 - aqt.updater - INFO - updater 139983739661184 Patching /home/runner/work/FreeCAD/Qt/6.8.3/gcc_64/lib/libQt6FbSupport.prl
2025-12-08 01:13:23,434 - aqt.updater - INFO - updater 139983739661184 Patching /home/runner/work/FreeCAD/Qt/6.8.3/gcc_64/lib/libQt6SvgWidgets.prl
2025-12-08 01:13:23,434 - aqt.updater - INFO - updater 139983739661184 Patching /home/runner/work/FreeCAD/Qt/6.8.3/gcc_64/lib/libQt6QuickWidgets.prl
2025-12-08 01:13:23,434 - aqt.updater - INFO - updater 139983739661184 Patching /home/runner/work/FreeCAD/Qt/6.8.3/gcc_64/lib/libQt6QmlMeta.prl
2025-12-08 01:13:23,435 - aqt.updater - INFO - updater 139983739661184 Patching /home/runner/work/FreeCAD/Qt/6.8.3/gcc_64/lib/libQt6QmlWorkerScript.prl
2025-12-08 01:13:23,435 - aqt.updater - INFO - updater 139983739661184 Patching /home/runner/work/FreeCAD/Qt/6.8.3/gcc_64/lib/libQt6LabsFolderListModel.prl
2025-12-08 01:13:23,435 - aqt.updater - INFO - updater 139983739661184 Patching /home/runner/work/FreeCAD/Qt/6.8.3/gcc_64/lib/libQt6QuickDialogs2Utils.prl
2025-12-08 01:13:23,435 - aqt.updater - INFO - updater 139983739661184 Patching /home/runner/work/FreeCAD/Qt/6.8.3/gcc_64/lib/libQt6QuickControls2ImagineStyleImpl.prl
2025-12-08 01:13:23,436 - aqt.updater - INFO - updater 139983739661184 Patching /home/runner/work/FreeCAD/Qt/6.8.3/gcc_64/lib/libQt6QmlToolingSettings.prl
2025-12-08 01:13:23,436 - aqt.updater - INFO - updater 139983739661184 Patching /home/runner/work/FreeCAD/Qt/6.8.3/gcc_64/lib/libQt6QmlLS.prl
2025-12-08 01:13:23,436 - aqt.updater - INFO - updater 139983739661184 Patching /home/runner/work/FreeCAD/Qt/6.8.3/gcc_64/lib/libQt6QuickTest.prl
2025-12-08 01:13:23,436 - aqt.updater - INFO - updater 139983739661184 Patching /home/runner/work/FreeCAD/Qt/6.8.3/gcc_64/lib/libQt6QuickControlsTestUtils.prl
2025-12-08 01:13:23,437 - aqt.updater - INFO - updater 139983739661184 Patching /home/runner/work/FreeCAD/Qt/6.8.3/gcc_64/lib/libQt6Concurrent.prl
2025-12-08 01:13:23,437 - aqt.updater - INFO - updater 139983739661184 Patching /home/runner/work/FreeCAD/Qt/6.8.3/gcc_64/lib/libQt6KmsSupport.prl
2025-12-08 01:13:23,437 - aqt.updater - INFO - updater 139983739661184 Patching /home/runner/work/FreeCAD/Qt/6.8.3/gcc_64/lib/libQt6QuickControls2MaterialStyleImpl.prl
2025-12-08 01:13:23,437 - aqt.updater - INFO - updater 139983739661184 Patching /home/runner/work/FreeCAD/Qt/6.8.3/gcc_64/lib/libQt6Help.prl
2025-12-08 01:13:23,437 - aqt.updater - INFO - updater 139983739661184 Patching /home/runner/work/FreeCAD/Qt/6.8.3/gcc_64/lib/libQt6Xml.prl
2025-12-08 01:13:23,438 - aqt.updater - INFO - updater 139983739661184 Patching /home/runner/work/FreeCAD/Qt/6.8.3/gcc_64/lib/libQt6EglFsKmsGbmSupport.prl
2025-12-08 01:13:23,438 - aqt.updater - INFO - updater 139983739661184 Patching /home/runner/work/FreeCAD/Qt/6.8.3/gcc_64/lib/libQt6DBus.prl
2025-12-08 01:13:23,438 - aqt.updater - INFO - updater 139983739661184 Patching /home/runner/work/FreeCAD/Qt/6.8.3/gcc_64/lib/libQt6QuickDialogs2QuickImpl.prl
2025-12-08 01:13:23,438 - aqt.updater - INFO - updater 139983739661184 Patching /home/runner/work/FreeCAD/Qt/6.8.3/gcc_64/lib/libQt6EglFSDeviceIntegration.prl
2025-12-08 01:13:23,439 - aqt.updater - INFO - updater 139983739661184 Patching /home/runner/work/FreeCAD/Qt/6.8.3/gcc_64/lib/libQt6InputSupport.prl
2025-12-08 01:13:23,439 - aqt.updater - INFO - updater 139983739661184 Patching /home/runner/work/FreeCAD/Qt/6.8.3/gcc_64/lib/libQt6Widgets.prl
2025-12-08 01:13:23,439 - aqt.updater - INFO - updater 139983739661184 Patching /home/runner/work/FreeCAD/Qt/6.8.3/gcc_64/lib/libQt6Sql.prl
2025-12-08 01:13:23,439 - aqt.updater - INFO - updater 139983739661184 Patching /home/runner/work/FreeCAD/Qt/6.8.3/gcc_64/lib/libQt6QuickTestUtils.prl
2025-12-08 01:13:23,440 - aqt.updater - INFO - updater 139983739661184 Patching /home/runner/work/FreeCAD/Qt/6.8.3/gcc_64/lib/libQt6QmlModels.prl
2025-12-08 01:13:23,440 - aqt.updater - INFO - updater 139983739661184 Patching /home/runner/work/FreeCAD/Qt/6.8.3/gcc_64/lib/libQt6QuickControls2Basic.prl
2025-12-08 01:13:23,440 - aqt.updater - INFO - updater 139983739661184 Patching /home/runner/work/FreeCAD/Qt/6.8.3/gcc_64/lib/libQt6QuickTemplates2.prl
2025-12-08 01:13:23,440 - aqt.updater - INFO - updater 139983739661184 Patching /home/runner/work/FreeCAD/Qt/6.8.3/gcc_64/lib/libQt6UiTools.prl
2025-12-08 01:13:23,441 - aqt.updater - INFO - updater 139983739661184 Patching /home/runner/work/FreeCAD/Qt/6.8.3/gcc_64/lib/libQt6QmlDebug.prl
2025-12-08 01:13:23,441 - aqt.updater - INFO - updater 139983739661184 Patching /home/runner/work/FreeCAD/Qt/6.8.3/gcc_64/lib/libQt6QuickControls2Imagine.prl
2025-12-08 01:13:23,441 - aqt.updater - INFO - updater 139983739661184 Patching /home/runner/work/FreeCAD/Qt/6.8.3/gcc_64/lib/libQt6WaylandClient.prl
2025-12-08 01:13:23,441 - aqt.updater - INFO - updater 139983739661184 Patching /home/runner/work/FreeCAD/Qt/6.8.3/gcc_64/lib/libQt6PacketProtocol.prl
2025-12-08 01:13:23,442 - aqt.updater - INFO - updater 139983739661184 Patching /home/runner/work/FreeCAD/Qt/6.8.3/gcc_64/lib/libQt6OpenGLWidgets.prl
2025-12-08 01:13:23,442 - aqt.updater - INFO - updater 139983739661184 Patching /home/runner/work/FreeCAD/Qt/6.8.3/gcc_64/lib/libQt6LabsPlatform.prl
2025-12-08 01:13:23,442 - aqt.updater - INFO - updater 139983739661184 Patching /home/runner/work/FreeCAD/Qt/6.8.3/gcc_64/lib/libQt6Core.prl
2025-12-08 01:13:23,442 - aqt.updater - INFO - updater 139983739661184 Patching /home/runner/work/FreeCAD/Qt/6.8.3/gcc_64/lib/libQt6QuickControls2FusionStyleImpl.prl
2025-12-08 01:13:23,443 - aqt.updater - INFO - updater 139983739661184 Patching /home/runner/work/FreeCAD/Qt/6.8.3/gcc_64/lib/libQt6LabsSettings.prl
2025-12-08 01:13:23,443 - aqt.updater - INFO - updater 139983739661184 Patching /home/runner/work/FreeCAD/Qt/6.8.3/gcc_64/lib/libQt6QmlDom.prl
2025-12-08 01:13:23,443 - aqt.updater - INFO - updater 139983739661184 Patching /home/runner/work/FreeCAD/Qt/6.8.3/gcc_64/lib/libQt6Qml.prl
2025-12-08 01:13:23,443 - aqt.updater - INFO - updater 139983739661184 Patching /home/runner/work/FreeCAD/Qt/6.8.3/gcc_64/lib/libQt6QuickControls2UniversalStyleImpl.prl
2025-12-08 01:13:23,443 - aqt.updater - INFO - updater 139983739661184 Patching /home/runner/work/FreeCAD/Qt/6.8.3/gcc_64/lib/libQt6QuickLayouts.prl
2025-12-08 01:13:23,444 - aqt.updater - INFO - updater 139983739661184 Patching /home/runner/work/FreeCAD/Qt/6.8.3/gcc_64/lib/libQt6QuickControls2Impl.prl
2025-12-08 01:13:23,444 - aqt.updater - INFO - updater 139983739661184 Patching /home/runner/work/FreeCAD/Qt/6.8.3/gcc_64/lib/libQt6XcbQpa.prl
2025-12-08 01:13:23,444 - aqt.updater - INFO - updater 139983739661184 Patching /home/runner/work/FreeCAD/Qt/6.8.3/gcc_64/lib/libQt6QuickShapes.prl
2025-12-08 01:13:23,444 - aqt.updater - INFO - updater 139983739661184 Patching /home/runner/work/FreeCAD/Qt/6.8.3/gcc_64/lib/libQt6DeviceDiscoverySupport.prl
2025-12-08 01:13:23,445 - aqt.updater - INFO - updater 139983739661184 Patching /home/runner/work/FreeCAD/Qt/6.8.3/gcc_64/lib/libQt6QmlCompiler.prl
2025-12-08 01:13:23,445 - aqt.updater - INFO - updater 139983739661184 Patching /home/runner/work/FreeCAD/Qt/6.8.3/gcc_64/lib/libQt6QuickParticles.prl
2025-12-08 01:13:23,445 - aqt.updater - INFO - updater 139983739661184 Patching /home/runner/work/FreeCAD/Qt/6.8.3/gcc_64/lib/libQt6QuickControls2Universal.prl
2025-12-08 01:13:23,445 - aqt.updater - INFO - updater 139983739661184 Patching /home/runner/work/FreeCAD/Qt/6.8.3/gcc_64/lib/libQt6LabsWavefrontMesh.prl
2025-12-08 01:13:23,446 - aqt.updater - INFO - updater 139983739661184 Patching /home/runner/work/FreeCAD/Qt/6.8.3/gcc_64/lib/libQt6QmlXmlListModel.prl
2025-12-08 01:13:23,446 - aqt.updater - INFO - updater 139983739661184 Patching /home/runner/work/FreeCAD/Qt/6.8.3/gcc_64/lib/libQt6EglFsKmsSupport.prl
2025-12-08 01:13:23,446 - aqt.updater - INFO - updater 139983739661184 Patching /home/runner/work/FreeCAD/Qt/6.8.3/gcc_64/lib/libQt6LabsSharedImage.prl
2025-12-08 01:13:23,446 - aqt.updater - INFO - updater 139983739661184 Patching /home/runner/work/FreeCAD/Qt/6.8.3/gcc_64/lib/libQt6PrintSupport.prl
2025-12-08 01:13:23,447 - aqt.updater - INFO - updater 139983739661184 Patching /home/runner/work/FreeCAD/Qt/6.8.3/gcc_64/lib/libQt6QuickControls2Fusion.prl
2025-12-08 01:13:23,447 - aqt.updater - INFO - updater 139983739661184 Patching /home/runner/work/FreeCAD/Qt/6.8.3/gcc_64/lib/libQt6Designer.prl
2025-12-08 01:13:23,447 - aqt.updater - INFO - updater 139983739661184 Patching /home/runner/work/FreeCAD/Qt/6.8.3/gcc_64/lib/libQt6ExamplesAssetDownloader.prl
2025-12-08 01:13:23,447 - aqt.updater - INFO - updater 139983739661184 Patching /home/runner/work/FreeCAD/Qt/6.8.3/gcc_64/lib/libQt6QmlTypeRegistrar.prl
2025-12-08 01:13:23,448 - aqt.updater - INFO - updater 139983739661184 Patching /home/runner/work/FreeCAD/Qt/6.8.3/gcc_64/lib/libQt6LabsAnimation.prl
2025-12-08 01:13:23,448 - aqt.updater - INFO - updater 139983739661184 Patching /home/runner/work/FreeCAD/Qt/6.8.3/gcc_64/lib/libQt6QuickControls2Material.prl
2025-12-08 01:13:23,448 - aqt.updater - INFO - updater 139983739661184 Patching /home/runner/work/FreeCAD/Qt/6.8.3/gcc_64/lib/libQt6QmlCore.prl
2025-12-08 01:13:23,448 - aqt.updater - INFO - updater 139983739661184 Patching /home/runner/work/FreeCAD/Qt/6.8.3/gcc_64/lib/libQt6QmlAssetDownloader.prl
2025-12-08 01:13:23,448 - aqt.updater - INFO - updater 139983739661184 Patching /home/runner/work/FreeCAD/Qt/6.8.3/gcc_64/lib/libQt6Test.prl
2025-12-08 01:13:23,449 - aqt.main - INFO - installer 139983739661184 Finished installation
2025-12-08 01:13:23,449 - aqt.main - INFO - installer 139983739661184 Time elapsed: 21.95775318 second
